[2018-01-22 13:25:19,818] INFO [Controller 0]: Controller starting up (kafka.controller.KafkaController)
[2018-01-22 13:25:20,127] INFO [Controller 0]: Broker 0 starting become controller state transition (kafka.controller.KafkaController)
[2018-01-22 13:25:20,222] INFO [Controller 0]: Controller 0 incremented epoch to 1 (kafka.controller.KafkaController)
[2018-01-22 13:25:20,223] DEBUG [Controller 0]: Registering IsrChangeNotificationListener (kafka.controller.KafkaController)
[2018-01-22 13:25:20,394] INFO [Controller 0]: Partitions undergoing preferred replica election:  (kafka.controller.KafkaController)
[2018-01-22 13:25:20,404] INFO [Controller 0]: Partitions that completed preferred replica election:  (kafka.controller.KafkaController)
[2018-01-22 13:25:20,405] INFO [Controller 0]: Resuming preferred replica election for partitions:  (kafka.controller.KafkaController)
[2018-01-22 13:25:20,409] INFO [Controller 0]: Partitions being reassigned: Map() (kafka.controller.KafkaController)
[2018-01-22 13:25:20,410] INFO [Controller 0]: Partitions already reassigned: List() (kafka.controller.KafkaController)
[2018-01-22 13:25:20,413] INFO [Controller 0]: Resuming reassignment of partitions: Map() (kafka.controller.KafkaController)
[2018-01-22 13:25:20,415] INFO [Controller 0]: List of topics to be deleted:  (kafka.controller.KafkaController)
[2018-01-22 13:25:20,416] INFO [Controller 0]: List of topics ineligible for deletion:  (kafka.controller.KafkaController)
[2018-01-22 13:25:20,657] INFO [Controller 0]: Currently active brokers in the cluster: Set() (kafka.controller.KafkaController)
[2018-01-22 13:25:20,657] INFO [Controller 0]: Currently shutting brokers in the cluster: Set() (kafka.controller.KafkaController)
[2018-01-22 13:25:20,658] INFO [Controller 0]: Current list of topics in the cluster: Set() (kafka.controller.KafkaController)
[2018-01-22 13:25:20,689] INFO [Replica state machine on controller 0]: Started replica state machine with initial state -> Map() (kafka.controller.ReplicaStateMachine)
[2018-01-22 13:25:20,914] INFO [Partition state machine on Controller 0]: Started partition state machine with initial state -> Map() (kafka.controller.PartitionStateMachine)
[2018-01-22 13:25:20,915] INFO [Controller 0]: Broker 0 is ready to serve as the new controller with epoch 1 (kafka.controller.KafkaController)
[2018-01-22 13:25:20,916] INFO [Controller 0]: Starting preferred replica leader election for partitions  (kafka.controller.KafkaController)
[2018-01-22 13:25:20,917] INFO [Partition state machine on Controller 0]: Invoking state change to OnlinePartition for partitions  (kafka.controller.PartitionStateMachine)
[2018-01-22 13:25:21,063] INFO [Controller 0]: starting the partition rebalance scheduler (kafka.controller.KafkaController)
[2018-01-22 13:25:21,065] INFO [Controller 0]: Controller startup complete (kafka.controller.KafkaController)
[2018-01-22 13:25:23,269] INFO [BrokerChangeListener on Controller 0]: Broker change listener fired for path /brokers/ids with children 0 (kafka.controller.ReplicaStateMachine$BrokerChangeListener)
[2018-01-22 13:25:23,925] INFO [BrokerChangeListener on Controller 0]: Newly added brokers: 0, deleted brokers: , all live brokers: 0 (kafka.controller.ReplicaStateMachine$BrokerChangeListener)
[2018-01-22 13:25:23,926] DEBUG [Channel manager on controller 0]: Controller 0 trying to connect to broker 0 (kafka.controller.ControllerChannelManager)
[2018-01-22 13:25:23,990] INFO [Controller-0-to-broker-0-send-thread], Starting  (kafka.controller.RequestSendThread)
[2018-01-22 13:25:23,990] INFO [Controller 0]: New broker startup callback for 0 (kafka.controller.KafkaController)
[2018-01-22 13:25:24,097] INFO [Controller-0-to-broker-0-send-thread], Controller 0 connected to knoldus-Vostro-3546:9092 (id: 0 rack: null) for sending state change requests (kafka.controller.RequestSendThread)
[2018-01-22 13:25:26,064] TRACE [Controller 0]: checking need to trigger partition rebalance (kafka.controller.KafkaController)
[2018-01-22 13:25:26,066] DEBUG [Controller 0]: preferred replicas by broker Map() (kafka.controller.KafkaController)
[2018-01-22 13:28:08,650] INFO [Controller 0]: Shutting down broker 0 (kafka.controller.KafkaController)
[2018-01-22 13:28:08,650] DEBUG [Controller 0]: All shutting down brokers: 0 (kafka.controller.KafkaController)
[2018-01-22 13:28:08,651] DEBUG [Controller 0]: Live brokers:  (kafka.controller.KafkaController)
[2018-01-22 13:28:08,652] TRACE [Controller 0]: All leaders =  (kafka.controller.KafkaController)
[2018-01-22 13:28:09,422] DEBUG [Controller 0]: Controller resigning, broker id 0 (kafka.controller.KafkaController)
[2018-01-22 13:28:09,422] DEBUG [Controller 0]: De-registering IsrChangeNotificationListener (kafka.controller.KafkaController)
[2018-01-22 13:28:09,425] INFO [Partition state machine on Controller 0]: Stopped partition state machine (kafka.controller.PartitionStateMachine)
[2018-01-22 13:28:09,425] INFO [Replica state machine on controller 0]: Stopped replica state machine (kafka.controller.ReplicaStateMachine)
[2018-01-22 13:28:09,426] INFO [Controller-0-to-broker-0-send-thread], Shutting down (kafka.controller.RequestSendThread)
[2018-01-22 13:28:09,426] INFO [Controller-0-to-broker-0-send-thread], Stopped  (kafka.controller.RequestSendThread)
[2018-01-22 13:28:09,426] INFO [Controller-0-to-broker-0-send-thread], Shutdown completed (kafka.controller.RequestSendThread)
[2018-01-22 13:28:09,427] INFO [Controller 0]: Broker 0 resigned as the controller (kafka.controller.KafkaController)
[2018-01-22 13:29:28,155] INFO [Controller 0]: Controller starting up (kafka.controller.KafkaController)
[2018-01-22 13:29:28,344] INFO [Controller 0]: Broker 0 starting become controller state transition (kafka.controller.KafkaController)
[2018-01-22 13:29:28,350] INFO [Controller 0]: Initialized controller epoch to 1 and zk version 0 (kafka.controller.KafkaController)
[2018-01-22 13:29:28,431] INFO [Controller 0]: Controller 0 incremented epoch to 2 (kafka.controller.KafkaController)
[2018-01-22 13:29:28,435] DEBUG [Controller 0]: Registering IsrChangeNotificationListener (kafka.controller.KafkaController)
[2018-01-22 13:29:28,544] INFO [Controller 0]: Partitions undergoing preferred replica election:  (kafka.controller.KafkaController)
[2018-01-22 13:29:28,545] INFO [Controller 0]: Partitions that completed preferred replica election:  (kafka.controller.KafkaController)
[2018-01-22 13:29:28,546] INFO [Controller 0]: Resuming preferred replica election for partitions:  (kafka.controller.KafkaController)
[2018-01-22 13:29:28,550] INFO [Controller 0]: Partitions being reassigned: Map() (kafka.controller.KafkaController)
[2018-01-22 13:29:28,555] INFO [Controller 0]: Partitions already reassigned: List() (kafka.controller.KafkaController)
[2018-01-22 13:29:28,557] INFO [Controller 0]: Resuming reassignment of partitions: Map() (kafka.controller.KafkaController)
[2018-01-22 13:29:28,565] INFO [Controller 0]: List of topics to be deleted:  (kafka.controller.KafkaController)
[2018-01-22 13:29:28,566] INFO [Controller 0]: List of topics ineligible for deletion:  (kafka.controller.KafkaController)
[2018-01-22 13:29:28,587] INFO [Controller 0]: Currently active brokers in the cluster: Set() (kafka.controller.KafkaController)
[2018-01-22 13:29:28,587] INFO [Controller 0]: Currently shutting brokers in the cluster: Set() (kafka.controller.KafkaController)
[2018-01-22 13:29:28,588] INFO [Controller 0]: Current list of topics in the cluster: Set() (kafka.controller.KafkaController)
[2018-01-22 13:29:28,597] INFO [Replica state machine on controller 0]: Started replica state machine with initial state -> Map() (kafka.controller.ReplicaStateMachine)
[2018-01-22 13:29:28,606] INFO [Partition state machine on Controller 0]: Started partition state machine with initial state -> Map() (kafka.controller.PartitionStateMachine)
[2018-01-22 13:29:28,607] INFO [Controller 0]: Broker 0 is ready to serve as the new controller with epoch 2 (kafka.controller.KafkaController)
[2018-01-22 13:29:28,608] INFO [Controller 0]: Starting preferred replica leader election for partitions  (kafka.controller.KafkaController)
[2018-01-22 13:29:28,610] INFO [Partition state machine on Controller 0]: Invoking state change to OnlinePartition for partitions  (kafka.controller.PartitionStateMachine)
[2018-01-22 13:29:28,650] INFO [Controller 0]: starting the partition rebalance scheduler (kafka.controller.KafkaController)
[2018-01-22 13:29:28,654] INFO [Controller 0]: Controller startup complete (kafka.controller.KafkaController)
[2018-01-22 13:29:29,109] INFO [BrokerChangeListener on Controller 0]: Broker change listener fired for path /brokers/ids with children 0 (kafka.controller.ReplicaStateMachine$BrokerChangeListener)
[2018-01-22 13:29:29,179] INFO [BrokerChangeListener on Controller 0]: Newly added brokers: 0, deleted brokers: , all live brokers: 0 (kafka.controller.ReplicaStateMachine$BrokerChangeListener)
[2018-01-22 13:29:29,181] DEBUG [Channel manager on controller 0]: Controller 0 trying to connect to broker 0 (kafka.controller.ControllerChannelManager)
[2018-01-22 13:29:29,200] INFO [Controller-0-to-broker-0-send-thread], Starting  (kafka.controller.RequestSendThread)
[2018-01-22 13:29:29,201] INFO [Controller 0]: New broker startup callback for 0 (kafka.controller.KafkaController)
[2018-01-22 13:29:29,253] INFO [Controller-0-to-broker-0-send-thread], Controller 0 connected to knoldus-Vostro-3546:9092 (id: 0 rack: null) for sending state change requests (kafka.controller.RequestSendThread)
[2018-01-22 13:29:33,651] TRACE [Controller 0]: checking need to trigger partition rebalance (kafka.controller.KafkaController)
[2018-01-22 13:29:33,658] DEBUG [Controller 0]: preferred replicas by broker Map() (kafka.controller.KafkaController)
[2018-01-22 13:34:33,650] TRACE [Controller 0]: checking need to trigger partition rebalance (kafka.controller.KafkaController)
[2018-01-22 13:34:33,976] DEBUG [Controller 0]: preferred replicas by broker Map() (kafka.controller.KafkaController)
[2018-01-22 13:39:01,743] INFO [Controller 0]: Controller starting up (kafka.controller.KafkaController)
[2018-01-22 13:39:02,183] INFO [Controller 0]: Controller startup complete (kafka.controller.KafkaController)
[2018-01-22 13:39:04,538] DEBUG [Controller 0]: Controller resigning, broker id 0 (kafka.controller.KafkaController)
[2018-01-22 13:39:04,538] DEBUG [Controller 0]: De-registering IsrChangeNotificationListener (kafka.controller.KafkaController)
[2018-01-22 13:39:04,539] INFO [Partition state machine on Controller 0]: Stopped partition state machine (kafka.controller.PartitionStateMachine)
[2018-01-22 13:39:04,539] INFO [Replica state machine on controller 0]: Stopped replica state machine (kafka.controller.ReplicaStateMachine)
[2018-01-22 13:39:04,540] INFO [Controller 0]: Broker 0 resigned as the controller (kafka.controller.KafkaController)
[2018-01-22 13:53:53,297] INFO [Controller 0]: Controller starting up (kafka.controller.KafkaController)
[2018-01-22 13:53:53,872] INFO [Controller 0]: Controller startup complete (kafka.controller.KafkaController)
[2018-01-22 13:53:56,541] DEBUG [Controller 0]: Controller resigning, broker id 0 (kafka.controller.KafkaController)
[2018-01-22 13:53:56,541] DEBUG [Controller 0]: De-registering IsrChangeNotificationListener (kafka.controller.KafkaController)
[2018-01-22 13:53:56,543] INFO [Partition state machine on Controller 0]: Stopped partition state machine (kafka.controller.PartitionStateMachine)
[2018-01-22 13:53:56,543] INFO [Replica state machine on controller 0]: Stopped replica state machine (kafka.controller.ReplicaStateMachine)
[2018-01-22 13:53:56,543] INFO [Controller 0]: Broker 0 resigned as the controller (kafka.controller.KafkaController)
