[2018-01-22 13:25:18,977] INFO Starting the log cleaner (kafka.log.LogCleaner)
[2018-01-22 13:25:18,983] INFO [kafka-log-cleaner-thread-0], Starting  (kafka.log.LogCleaner)
[2018-01-22 13:28:09,188] INFO Shutting down the log cleaner. (kafka.log.LogCleaner)
[2018-01-22 13:28:09,188] INFO [kafka-log-cleaner-thread-0], Shutting down (kafka.log.LogCleaner)
[2018-01-22 13:28:09,189] INFO [kafka-log-cleaner-thread-0], Shutdown completed (kafka.log.LogCleaner)
[2018-01-22 13:28:09,189] INFO [kafka-log-cleaner-thread-0], Stopped  (kafka.log.LogCleaner)
[2018-01-22 13:29:27,875] INFO Starting the log cleaner (kafka.log.LogCleaner)
[2018-01-22 13:29:27,886] INFO [kafka-log-cleaner-thread-0], Starting  (kafka.log.LogCleaner)
[2018-01-22 13:39:00,143] INFO Starting the log cleaner (kafka.log.LogCleaner)
[2018-01-22 13:39:00,201] INFO [kafka-log-cleaner-thread-0], Starting  (kafka.log.LogCleaner)
[2018-01-22 13:39:04,478] INFO Shutting down the log cleaner. (kafka.log.LogCleaner)
[2018-01-22 13:39:04,478] INFO [kafka-log-cleaner-thread-0], Shutting down (kafka.log.LogCleaner)
[2018-01-22 13:39:04,478] INFO [kafka-log-cleaner-thread-0], Stopped  (kafka.log.LogCleaner)
[2018-01-22 13:39:04,478] INFO [kafka-log-cleaner-thread-0], Shutdown completed (kafka.log.LogCleaner)
[2018-01-22 13:53:52,244] INFO Starting the log cleaner (kafka.log.LogCleaner)
[2018-01-22 13:53:52,298] INFO [kafka-log-cleaner-thread-0], Starting  (kafka.log.LogCleaner)
[2018-01-22 13:53:56,472] INFO Shutting down the log cleaner. (kafka.log.LogCleaner)
[2018-01-22 13:53:56,473] INFO [kafka-log-cleaner-thread-0], Shutting down (kafka.log.LogCleaner)
[2018-01-22 13:53:56,473] INFO [kafka-log-cleaner-thread-0], Stopped  (kafka.log.LogCleaner)
[2018-01-22 13:53:56,473] INFO [kafka-log-cleaner-thread-0], Shutdown completed (kafka.log.LogCleaner)
