[2018-01-22 13:25:14,782] INFO starting (kafka.server.KafkaServer)
[2018-01-22 13:25:15,287] INFO Connecting to zookeeper on localhost:2181 (kafka.server.KafkaServer)
[2018-01-22 13:25:15,414] INFO Starting ZkClient event thread. (org.I0Itec.zkclient.ZkEventThread)
[2018-01-22 13:25:15,481] INFO Waiting for keeper state SyncConnected (org.I0Itec.zkclient.ZkClient)
[2018-01-22 13:25:15,886] INFO zookeeper state changed (SyncConnected) (org.I0Itec.zkclient.ZkClient)
[2018-01-22 13:25:17,198] INFO Log directory '/home/knoldus/LagomPOC/lagom-persistent-entity-demo/target/lagom-dynamic-projects/lagom-internal-meta-project-kafka/target/kafka_data' not found, creating it. (kafka.log.LogManager)
[2018-01-22 13:25:18,301] INFO Loading logs. (kafka.log.LogManager)
[2018-01-22 13:25:18,396] INFO Logs loading complete. (kafka.log.LogManager)
[2018-01-22 13:25:18,926] INFO Starting log cleanup with a period of 300000 ms. (kafka.log.LogManager)
[2018-01-22 13:25:18,975] INFO Starting log flusher with a default period of 9223372036854775807 ms. (kafka.log.LogManager)
[2018-01-22 13:25:18,984] WARN No meta.properties file under dir /home/knoldus/LagomPOC/lagom-persistent-entity-demo/target/lagom-dynamic-projects/lagom-internal-meta-project-kafka/target/kafka_data/meta.properties (kafka.server.BrokerMetadataCheckpoint)
[2018-01-22 13:25:19,045] INFO Awaiting socket connections on 0.0.0.0:9092. (kafka.network.Acceptor)
[2018-01-22 13:25:19,226] INFO [Socket Server on Broker 0], Started 1 acceptor threads (kafka.network.SocketServer)
[2018-01-22 13:25:19,495] INFO [ExpirationReaper-0], Starting  (kafka.server.DelayedOperationPurgatory$ExpiredOperationReaper)
[2018-01-22 13:25:19,496] INFO [ExpirationReaper-0], Starting  (kafka.server.DelayedOperationPurgatory$ExpiredOperationReaper)
[2018-01-22 13:25:20,033] INFO Creating /controller (is it secure? false) (kafka.utils.ZKCheckedEphemeral)
[2018-01-22 13:25:20,126] INFO Result of znode creation is: OK (kafka.utils.ZKCheckedEphemeral)
[2018-01-22 13:25:20,126] INFO 0 successfully elected as leader (kafka.server.ZookeeperLeaderElector)
[2018-01-22 13:25:21,534] INFO [ExpirationReaper-0], Starting  (kafka.server.DelayedOperationPurgatory$ExpiredOperationReaper)
[2018-01-22 13:25:21,535] INFO [ExpirationReaper-0], Starting  (kafka.server.DelayedOperationPurgatory$ExpiredOperationReaper)
[2018-01-22 13:25:22,270] INFO [GroupCoordinator 0]: Starting up. (kafka.coordinator.GroupCoordinator)
[2018-01-22 13:25:22,271] INFO [GroupCoordinator 0]: Startup complete. (kafka.coordinator.GroupCoordinator)
[2018-01-22 13:25:22,288] INFO [Group Metadata Manager on Broker 0]: Removed 0 expired offsets in 181 milliseconds. (kafka.coordinator.GroupMetadataManager)
[2018-01-22 13:25:22,840] INFO [ThrottledRequestReaper-Produce], Starting  (kafka.server.ClientQuotaManager$ThrottledRequestReaper)
[2018-01-22 13:25:22,841] INFO [ThrottledRequestReaper-Fetch], Starting  (kafka.server.ClientQuotaManager$ThrottledRequestReaper)
[2018-01-22 13:25:22,956] INFO Will not load MX4J, mx4j-tools.jar is not in the classpath (kafka.utils.Mx4jLoader$)
[2018-01-22 13:25:23,161] INFO Creating /brokers/ids/0 (is it secure? false) (kafka.utils.ZKCheckedEphemeral)
[2018-01-22 13:25:23,164] INFO New leader is 0 (kafka.server.ZookeeperLeaderElector$LeaderChangeListener)
[2018-01-22 13:25:23,267] INFO Result of znode creation is: OK (kafka.utils.ZKCheckedEphemeral)
[2018-01-22 13:25:23,269] INFO Registered broker 0 at path /brokers/ids/0 with addresses: PLAINTEXT -> EndPoint(knoldus-Vostro-3546,9092,PLAINTEXT) (kafka.utils.ZkUtils)
[2018-01-22 13:25:23,270] WARN No meta.properties file under dir /home/knoldus/LagomPOC/lagom-persistent-entity-demo/target/lagom-dynamic-projects/lagom-internal-meta-project-kafka/target/kafka_data/meta.properties (kafka.server.BrokerMetadataCheckpoint)
[2018-01-22 13:25:23,827] INFO [Kafka Server 0], started (kafka.server.KafkaServer)
[2018-01-22 13:28:08,488] INFO [Kafka Server 0], shutting down (kafka.server.KafkaServer)
[2018-01-22 13:28:08,489] INFO [Kafka Server 0], Starting controlled shutdown (kafka.server.KafkaServer)
[2018-01-22 13:28:08,656] INFO [Kafka Server 0], Controlled shutdown succeeded (kafka.server.KafkaServer)
[2018-01-22 13:28:08,663] INFO [Socket Server on Broker 0], Shutting down (kafka.network.SocketServer)
[2018-01-22 13:28:08,672] INFO [Socket Server on Broker 0], Shutdown completed (kafka.network.SocketServer)
[2018-01-22 13:28:08,672] INFO [Kafka Request Handler on Broker 0], shutting down (kafka.server.KafkaRequestHandlerPool)
[2018-01-22 13:28:08,737] INFO [Kafka Request Handler on Broker 0], shut down completely (kafka.server.KafkaRequestHandlerPool)
[2018-01-22 13:28:08,759] INFO [ThrottledRequestReaper-Produce], Shutting down (kafka.server.ClientQuotaManager$ThrottledRequestReaper)
[2018-01-22 13:28:08,859] INFO [ThrottledRequestReaper-Produce], Shutdown completed (kafka.server.ClientQuotaManager$ThrottledRequestReaper)
[2018-01-22 13:28:08,859] INFO [ThrottledRequestReaper-Produce], Stopped  (kafka.server.ClientQuotaManager$ThrottledRequestReaper)
[2018-01-22 13:28:08,859] INFO [ThrottledRequestReaper-Fetch], Shutting down (kafka.server.ClientQuotaManager$ThrottledRequestReaper)
[2018-01-22 13:28:08,861] INFO [ThrottledRequestReaper-Fetch], Stopped  (kafka.server.ClientQuotaManager$ThrottledRequestReaper)
[2018-01-22 13:28:08,861] INFO [ThrottledRequestReaper-Fetch], Shutdown completed (kafka.server.ClientQuotaManager$ThrottledRequestReaper)
[2018-01-22 13:28:08,861] INFO [KafkaApi-0] Shutdown complete. (kafka.server.KafkaApis)
[2018-01-22 13:28:08,862] INFO [Replica Manager on Broker 0]: Shutting down (kafka.server.ReplicaManager)
[2018-01-22 13:28:08,862] INFO [ReplicaFetcherManager on broker 0] shutting down (kafka.server.ReplicaFetcherManager)
[2018-01-22 13:28:08,875] INFO [ReplicaFetcherManager on broker 0] shutdown completed (kafka.server.ReplicaFetcherManager)
[2018-01-22 13:28:08,875] INFO [ExpirationReaper-0], Shutting down (kafka.server.DelayedOperationPurgatory$ExpiredOperationReaper)
[2018-01-22 13:28:08,989] INFO [ExpirationReaper-0], Stopped  (kafka.server.DelayedOperationPurgatory$ExpiredOperationReaper)
[2018-01-22 13:28:08,989] INFO [ExpirationReaper-0], Shutdown completed (kafka.server.DelayedOperationPurgatory$ExpiredOperationReaper)
[2018-01-22 13:28:08,990] INFO [ExpirationReaper-0], Shutting down (kafka.server.DelayedOperationPurgatory$ExpiredOperationReaper)
[2018-01-22 13:28:09,186] INFO [ExpirationReaper-0], Stopped  (kafka.server.DelayedOperationPurgatory$ExpiredOperationReaper)
[2018-01-22 13:28:09,186] INFO [ExpirationReaper-0], Shutdown completed (kafka.server.DelayedOperationPurgatory$ExpiredOperationReaper)
[2018-01-22 13:28:09,187] INFO [Replica Manager on Broker 0]: Shut down completely (kafka.server.ReplicaManager)
[2018-01-22 13:28:09,188] INFO Shutting down. (kafka.log.LogManager)
[2018-01-22 13:28:09,192] INFO Shutdown complete. (kafka.log.LogManager)
[2018-01-22 13:28:09,193] INFO [GroupCoordinator 0]: Shutting down. (kafka.coordinator.GroupCoordinator)
[2018-01-22 13:28:09,193] INFO [ExpirationReaper-0], Shutting down (kafka.server.DelayedOperationPurgatory$ExpiredOperationReaper)
[2018-01-22 13:28:09,220] INFO [ExpirationReaper-0], Stopped  (kafka.server.DelayedOperationPurgatory$ExpiredOperationReaper)
[2018-01-22 13:28:09,220] INFO [ExpirationReaper-0], Shutdown completed (kafka.server.DelayedOperationPurgatory$ExpiredOperationReaper)
[2018-01-22 13:28:09,220] INFO [ExpirationReaper-0], Shutting down (kafka.server.DelayedOperationPurgatory$ExpiredOperationReaper)
[2018-01-22 13:28:09,420] INFO [ExpirationReaper-0], Stopped  (kafka.server.DelayedOperationPurgatory$ExpiredOperationReaper)
[2018-01-22 13:28:09,420] INFO [ExpirationReaper-0], Shutdown completed (kafka.server.DelayedOperationPurgatory$ExpiredOperationReaper)
[2018-01-22 13:28:09,421] INFO [GroupCoordinator 0]: Shutdown complete. (kafka.coordinator.GroupCoordinator)
[2018-01-22 13:28:09,427] INFO Terminate ZkClient event thread. (org.I0Itec.zkclient.ZkEventThread)
[2018-01-22 13:28:09,539] INFO [Kafka Server 0], shut down completed (kafka.server.KafkaServer)
[2018-01-22 13:29:27,238] INFO starting (kafka.server.KafkaServer)
[2018-01-22 13:29:27,267] INFO Connecting to zookeeper on localhost:2181 (kafka.server.KafkaServer)
[2018-01-22 13:29:27,307] INFO Starting ZkClient event thread. (org.I0Itec.zkclient.ZkEventThread)
[2018-01-22 13:29:27,359] INFO Waiting for keeper state SyncConnected (org.I0Itec.zkclient.ZkClient)
[2018-01-22 13:29:27,573] INFO zookeeper state changed (SyncConnected) (org.I0Itec.zkclient.ZkClient)
[2018-01-22 13:29:27,743] INFO Loading logs. (kafka.log.LogManager)
[2018-01-22 13:29:27,751] INFO Logs loading complete. (kafka.log.LogManager)
[2018-01-22 13:29:27,854] INFO Starting log cleanup with a period of 300000 ms. (kafka.log.LogManager)
[2018-01-22 13:29:27,861] INFO Starting log flusher with a default period of 9223372036854775807 ms. (kafka.log.LogManager)
[2018-01-22 13:29:28,023] INFO Awaiting socket connections on 0.0.0.0:9092. (kafka.network.Acceptor)
[2018-01-22 13:29:28,037] INFO [Socket Server on Broker 0], Started 1 acceptor threads (kafka.network.SocketServer)
[2018-01-22 13:29:28,075] INFO [ExpirationReaper-0], Starting  (kafka.server.DelayedOperationPurgatory$ExpiredOperationReaper)
[2018-01-22 13:29:28,077] INFO [ExpirationReaper-0], Starting  (kafka.server.DelayedOperationPurgatory$ExpiredOperationReaper)
[2018-01-22 13:29:28,289] INFO Creating /controller (is it secure? false) (kafka.utils.ZKCheckedEphemeral)
[2018-01-22 13:29:28,343] INFO Result of znode creation is: OK (kafka.utils.ZKCheckedEphemeral)
[2018-01-22 13:29:28,344] INFO 0 successfully elected as leader (kafka.server.ZookeeperLeaderElector)
[2018-01-22 13:29:28,676] INFO [ExpirationReaper-0], Starting  (kafka.server.DelayedOperationPurgatory$ExpiredOperationReaper)
[2018-01-22 13:29:28,694] INFO [ExpirationReaper-0], Starting  (kafka.server.DelayedOperationPurgatory$ExpiredOperationReaper)
[2018-01-22 13:29:28,766] INFO [GroupCoordinator 0]: Starting up. (kafka.coordinator.GroupCoordinator)
[2018-01-22 13:29:28,767] INFO [GroupCoordinator 0]: Startup complete. (kafka.coordinator.GroupCoordinator)
[2018-01-22 13:29:28,820] INFO [Group Metadata Manager on Broker 0]: Removed 0 expired offsets in 92 milliseconds. (kafka.coordinator.GroupMetadataManager)
[2018-01-22 13:29:28,871] INFO [ThrottledRequestReaper-Produce], Starting  (kafka.server.ClientQuotaManager$ThrottledRequestReaper)
[2018-01-22 13:29:28,875] INFO [ThrottledRequestReaper-Fetch], Starting  (kafka.server.ClientQuotaManager$ThrottledRequestReaper)
[2018-01-22 13:29:28,902] INFO Will not load MX4J, mx4j-tools.jar is not in the classpath (kafka.utils.Mx4jLoader$)
[2018-01-22 13:29:28,995] INFO Creating /brokers/ids/0 (is it secure? false) (kafka.utils.ZKCheckedEphemeral)
[2018-01-22 13:29:29,019] INFO New leader is 0 (kafka.server.ZookeeperLeaderElector$LeaderChangeListener)
[2018-01-22 13:29:29,105] INFO Result of znode creation is: OK (kafka.utils.ZKCheckedEphemeral)
[2018-01-22 13:29:29,106] INFO Registered broker 0 at path /brokers/ids/0 with addresses: PLAINTEXT -> EndPoint(knoldus-Vostro-3546,9092,PLAINTEXT) (kafka.utils.ZkUtils)
[2018-01-22 13:29:29,136] INFO [Kafka Server 0], started (kafka.server.KafkaServer)
[2018-01-22 13:38:58,639] INFO starting (kafka.server.KafkaServer)
[2018-01-22 13:38:58,807] INFO Connecting to zookeeper on localhost:2181 (kafka.server.KafkaServer)
[2018-01-22 13:38:58,886] INFO Starting ZkClient event thread. (org.I0Itec.zkclient.ZkEventThread)
[2018-01-22 13:38:59,055] INFO Waiting for keeper state SyncConnected (org.I0Itec.zkclient.ZkClient)
[2018-01-22 13:38:59,629] INFO zookeeper state changed (SyncConnected) (org.I0Itec.zkclient.ZkClient)
[2018-01-22 13:38:59,955] INFO Loading logs. (kafka.log.LogManager)
[2018-01-22 13:39:00,023] INFO Logs loading complete. (kafka.log.LogManager)
[2018-01-22 13:39:00,140] INFO Starting log cleanup with a period of 300000 ms. (kafka.log.LogManager)
[2018-01-22 13:39:00,142] INFO Starting log flusher with a default period of 9223372036854775807 ms. (kafka.log.LogManager)
[2018-01-22 13:39:00,816] INFO Awaiting socket connections on 0.0.0.0:9092. (kafka.network.Acceptor)
[2018-01-22 13:39:00,819] INFO [Socket Server on Broker 0], Started 1 acceptor threads (kafka.network.SocketServer)
[2018-01-22 13:39:01,272] INFO [ExpirationReaper-0], Starting  (kafka.server.DelayedOperationPurgatory$ExpiredOperationReaper)
[2018-01-22 13:39:01,274] INFO [ExpirationReaper-0], Starting  (kafka.server.DelayedOperationPurgatory$ExpiredOperationReaper)
[2018-01-22 13:39:02,332] INFO [ExpirationReaper-0], Starting  (kafka.server.DelayedOperationPurgatory$ExpiredOperationReaper)
[2018-01-22 13:39:02,334] INFO [ExpirationReaper-0], Starting  (kafka.server.DelayedOperationPurgatory$ExpiredOperationReaper)
[2018-01-22 13:39:02,735] INFO [GroupCoordinator 0]: Starting up. (kafka.coordinator.GroupCoordinator)
[2018-01-22 13:39:02,735] INFO [GroupCoordinator 0]: Startup complete. (kafka.coordinator.GroupCoordinator)
[2018-01-22 13:39:02,808] INFO [Group Metadata Manager on Broker 0]: Removed 0 expired offsets in 159 milliseconds. (kafka.coordinator.GroupMetadataManager)
[2018-01-22 13:39:03,249] INFO [ThrottledRequestReaper-Produce], Starting  (kafka.server.ClientQuotaManager$ThrottledRequestReaper)
[2018-01-22 13:39:03,249] INFO [ThrottledRequestReaper-Fetch], Starting  (kafka.server.ClientQuotaManager$ThrottledRequestReaper)
[2018-01-22 13:39:03,254] INFO Will not load MX4J, mx4j-tools.jar is not in the classpath (kafka.utils.Mx4jLoader$)
[2018-01-22 13:39:03,540] INFO Creating /brokers/ids/0 (is it secure? false) (kafka.utils.ZKCheckedEphemeral)
[2018-01-22 13:39:03,852] INFO Result of znode creation is: NODEEXISTS (kafka.utils.ZKCheckedEphemeral)
[2018-01-22 13:39:03,853] FATAL [Kafka Server 0], Fatal error during KafkaServer startup. Prepare to shutdown (kafka.server.KafkaServer)
java.lang.RuntimeException: A broker is already registered on the path /brokers/ids/0. This probably indicates that you either have configured a brokerid that is already in use, or else you have shutdown this broker and restarted it faster than the zookeeper timeout so it appears to be re-registering.
	at kafka.utils.ZkUtils.registerBrokerInZk(ZkUtils.scala:305)
	at kafka.utils.ZkUtils.registerBrokerInZk(ZkUtils.scala:291)
	at kafka.server.KafkaHealthcheck.register(KafkaHealthcheck.scala:70)
	at kafka.server.KafkaHealthcheck.startup(KafkaHealthcheck.scala:51)
	at kafka.server.KafkaServer.startup(KafkaServer.scala:244)
	at kafka.server.KafkaServerStartable.startup(KafkaServerStartable.scala:37)
	at com.lightbend.lagom.internal.kafka.KafkaLocalServer.start(KafkaLocalServer.scala:31)
	at com.lightbend.lagom.internal.kafka.KafkaLauncher$.main(KafkaLauncher.scala:45)
	at com.lightbend.lagom.internal.kafka.KafkaLauncher.main(KafkaLauncher.scala)
[2018-01-22 13:39:03,855] INFO [Kafka Server 0], shutting down (kafka.server.KafkaServer)
[2018-01-22 13:39:03,856] INFO [Socket Server on Broker 0], Shutting down (kafka.network.SocketServer)
[2018-01-22 13:39:03,865] INFO [Socket Server on Broker 0], Shutdown completed (kafka.network.SocketServer)
[2018-01-22 13:39:03,866] INFO [Kafka Request Handler on Broker 0], shutting down (kafka.server.KafkaRequestHandlerPool)
[2018-01-22 13:39:03,884] INFO [Kafka Request Handler on Broker 0], shut down completely (kafka.server.KafkaRequestHandlerPool)
[2018-01-22 13:39:03,887] INFO [ThrottledRequestReaper-Produce], Shutting down (kafka.server.ClientQuotaManager$ThrottledRequestReaper)
[2018-01-22 13:39:04,250] INFO [ThrottledRequestReaper-Produce], Shutdown completed (kafka.server.ClientQuotaManager$ThrottledRequestReaper)
[2018-01-22 13:39:04,250] INFO [ThrottledRequestReaper-Produce], Stopped  (kafka.server.ClientQuotaManager$ThrottledRequestReaper)
[2018-01-22 13:39:04,250] INFO [ThrottledRequestReaper-Fetch], Shutting down (kafka.server.ClientQuotaManager$ThrottledRequestReaper)
[2018-01-22 13:39:04,250] INFO [ThrottledRequestReaper-Fetch], Stopped  (kafka.server.ClientQuotaManager$ThrottledRequestReaper)
[2018-01-22 13:39:04,250] INFO [ThrottledRequestReaper-Fetch], Shutdown completed (kafka.server.ClientQuotaManager$ThrottledRequestReaper)
[2018-01-22 13:39:04,250] INFO [KafkaApi-0] Shutdown complete. (kafka.server.KafkaApis)
[2018-01-22 13:39:04,251] INFO [Replica Manager on Broker 0]: Shutting down (kafka.server.ReplicaManager)
[2018-01-22 13:39:04,251] INFO [ReplicaFetcherManager on broker 0] shutting down (kafka.server.ReplicaFetcherManager)
[2018-01-22 13:39:04,252] INFO [ReplicaFetcherManager on broker 0] shutdown completed (kafka.server.ReplicaFetcherManager)
[2018-01-22 13:39:04,252] INFO [ExpirationReaper-0], Shutting down (kafka.server.DelayedOperationPurgatory$ExpiredOperationReaper)
[2018-01-22 13:39:04,276] INFO [ExpirationReaper-0], Stopped  (kafka.server.DelayedOperationPurgatory$ExpiredOperationReaper)
[2018-01-22 13:39:04,276] INFO [ExpirationReaper-0], Shutdown completed (kafka.server.DelayedOperationPurgatory$ExpiredOperationReaper)
[2018-01-22 13:39:04,276] INFO [ExpirationReaper-0], Shutting down (kafka.server.DelayedOperationPurgatory$ExpiredOperationReaper)
[2018-01-22 13:39:04,475] INFO [ExpirationReaper-0], Stopped  (kafka.server.DelayedOperationPurgatory$ExpiredOperationReaper)
[2018-01-22 13:39:04,475] INFO [ExpirationReaper-0], Shutdown completed (kafka.server.DelayedOperationPurgatory$ExpiredOperationReaper)
[2018-01-22 13:39:04,477] INFO [Replica Manager on Broker 0]: Shut down completely (kafka.server.ReplicaManager)
[2018-01-22 13:39:04,477] INFO Shutting down. (kafka.log.LogManager)
[2018-01-22 13:39:04,481] INFO Shutdown complete. (kafka.log.LogManager)
[2018-01-22 13:39:04,518] INFO [GroupCoordinator 0]: Shutting down. (kafka.coordinator.GroupCoordinator)
[2018-01-22 13:39:04,518] INFO [ExpirationReaper-0], Shutting down (kafka.server.DelayedOperationPurgatory$ExpiredOperationReaper)
[2018-01-22 13:39:04,534] INFO [ExpirationReaper-0], Stopped  (kafka.server.DelayedOperationPurgatory$ExpiredOperationReaper)
[2018-01-22 13:39:04,534] INFO [ExpirationReaper-0], Shutdown completed (kafka.server.DelayedOperationPurgatory$ExpiredOperationReaper)
[2018-01-22 13:39:04,534] INFO [ExpirationReaper-0], Shutting down (kafka.server.DelayedOperationPurgatory$ExpiredOperationReaper)
[2018-01-22 13:39:04,536] INFO [ExpirationReaper-0], Stopped  (kafka.server.DelayedOperationPurgatory$ExpiredOperationReaper)
[2018-01-22 13:39:04,536] INFO [ExpirationReaper-0], Shutdown completed (kafka.server.DelayedOperationPurgatory$ExpiredOperationReaper)
[2018-01-22 13:39:04,537] INFO [GroupCoordinator 0]: Shutdown complete. (kafka.coordinator.GroupCoordinator)
[2018-01-22 13:39:04,540] INFO Terminate ZkClient event thread. (org.I0Itec.zkclient.ZkEventThread)
[2018-01-22 13:39:04,594] INFO [Kafka Server 0], shut down completed (kafka.server.KafkaServer)
[2018-01-22 13:39:04,594] FATAL Fatal error during KafkaServerStartable startup. Prepare to shutdown (kafka.server.KafkaServerStartable)
java.lang.RuntimeException: A broker is already registered on the path /brokers/ids/0. This probably indicates that you either have configured a brokerid that is already in use, or else you have shutdown this broker and restarted it faster than the zookeeper timeout so it appears to be re-registering.
	at kafka.utils.ZkUtils.registerBrokerInZk(ZkUtils.scala:305)
	at kafka.utils.ZkUtils.registerBrokerInZk(ZkUtils.scala:291)
	at kafka.server.KafkaHealthcheck.register(KafkaHealthcheck.scala:70)
	at kafka.server.KafkaHealthcheck.startup(KafkaHealthcheck.scala:51)
	at kafka.server.KafkaServer.startup(KafkaServer.scala:244)
	at kafka.server.KafkaServerStartable.startup(KafkaServerStartable.scala:37)
	at com.lightbend.lagom.internal.kafka.KafkaLocalServer.start(KafkaLocalServer.scala:31)
	at com.lightbend.lagom.internal.kafka.KafkaLauncher$.main(KafkaLauncher.scala:45)
	at com.lightbend.lagom.internal.kafka.KafkaLauncher.main(KafkaLauncher.scala)
[2018-01-22 13:39:04,595] INFO [Kafka Server 0], shutting down (kafka.server.KafkaServer)
[2018-01-22 13:53:49,555] INFO starting (kafka.server.KafkaServer)
[2018-01-22 13:53:49,907] INFO Connecting to zookeeper on localhost:2181 (kafka.server.KafkaServer)
[2018-01-22 13:53:49,915] INFO Starting ZkClient event thread. (org.I0Itec.zkclient.ZkEventThread)
[2018-01-22 13:53:50,099] INFO Waiting for keeper state SyncConnected (org.I0Itec.zkclient.ZkClient)
[2018-01-22 13:53:50,298] INFO zookeeper state changed (SyncConnected) (org.I0Itec.zkclient.ZkClient)
[2018-01-22 13:53:51,142] INFO Loading logs. (kafka.log.LogManager)
[2018-01-22 13:53:51,256] INFO Logs loading complete. (kafka.log.LogManager)
[2018-01-22 13:53:52,129] INFO Starting log cleanup with a period of 300000 ms. (kafka.log.LogManager)
[2018-01-22 13:53:52,243] INFO Starting log flusher with a default period of 9223372036854775807 ms. (kafka.log.LogManager)
[2018-01-22 13:53:52,598] INFO Awaiting socket connections on 0.0.0.0:9092. (kafka.network.Acceptor)
[2018-01-22 13:53:52,649] INFO [Socket Server on Broker 0], Started 1 acceptor threads (kafka.network.SocketServer)
[2018-01-22 13:53:52,972] INFO [ExpirationReaper-0], Starting  (kafka.server.DelayedOperationPurgatory$ExpiredOperationReaper)
[2018-01-22 13:53:52,973] INFO [ExpirationReaper-0], Starting  (kafka.server.DelayedOperationPurgatory$ExpiredOperationReaper)
[2018-01-22 13:53:53,886] INFO [ExpirationReaper-0], Starting  (kafka.server.DelayedOperationPurgatory$ExpiredOperationReaper)
[2018-01-22 13:53:53,887] INFO [ExpirationReaper-0], Starting  (kafka.server.DelayedOperationPurgatory$ExpiredOperationReaper)
[2018-01-22 13:53:53,947] INFO [GroupCoordinator 0]: Starting up. (kafka.coordinator.GroupCoordinator)
[2018-01-22 13:53:53,948] INFO [GroupCoordinator 0]: Startup complete. (kafka.coordinator.GroupCoordinator)
[2018-01-22 13:53:53,963] INFO [Group Metadata Manager on Broker 0]: Removed 0 expired offsets in 50 milliseconds. (kafka.coordinator.GroupMetadataManager)
[2018-01-22 13:53:54,061] INFO [ThrottledRequestReaper-Produce], Starting  (kafka.server.ClientQuotaManager$ThrottledRequestReaper)
[2018-01-22 13:53:54,062] INFO [ThrottledRequestReaper-Fetch], Starting  (kafka.server.ClientQuotaManager$ThrottledRequestReaper)
[2018-01-22 13:53:54,066] INFO Will not load MX4J, mx4j-tools.jar is not in the classpath (kafka.utils.Mx4jLoader$)
[2018-01-22 13:53:54,251] INFO Creating /brokers/ids/0 (is it secure? false) (kafka.utils.ZKCheckedEphemeral)
[2018-01-22 13:53:54,531] INFO Result of znode creation is: NODEEXISTS (kafka.utils.ZKCheckedEphemeral)
[2018-01-22 13:53:54,531] FATAL [Kafka Server 0], Fatal error during KafkaServer startup. Prepare to shutdown (kafka.server.KafkaServer)
java.lang.RuntimeException: A broker is already registered on the path /brokers/ids/0. This probably indicates that you either have configured a brokerid that is already in use, or else you have shutdown this broker and restarted it faster than the zookeeper timeout so it appears to be re-registering.
	at kafka.utils.ZkUtils.registerBrokerInZk(ZkUtils.scala:305)
	at kafka.utils.ZkUtils.registerBrokerInZk(ZkUtils.scala:291)
	at kafka.server.KafkaHealthcheck.register(KafkaHealthcheck.scala:70)
	at kafka.server.KafkaHealthcheck.startup(KafkaHealthcheck.scala:51)
	at kafka.server.KafkaServer.startup(KafkaServer.scala:244)
	at kafka.server.KafkaServerStartable.startup(KafkaServerStartable.scala:37)
	at com.lightbend.lagom.internal.kafka.KafkaLocalServer.start(KafkaLocalServer.scala:31)
	at com.lightbend.lagom.internal.kafka.KafkaLauncher$.main(KafkaLauncher.scala:45)
	at com.lightbend.lagom.internal.kafka.KafkaLauncher.main(KafkaLauncher.scala)
[2018-01-22 13:53:54,619] INFO [Kafka Server 0], shutting down (kafka.server.KafkaServer)
[2018-01-22 13:53:54,620] INFO [Socket Server on Broker 0], Shutting down (kafka.network.SocketServer)
[2018-01-22 13:53:54,628] INFO [Socket Server on Broker 0], Shutdown completed (kafka.network.SocketServer)
[2018-01-22 13:53:54,629] INFO [Kafka Request Handler on Broker 0], shutting down (kafka.server.KafkaRequestHandlerPool)
[2018-01-22 13:53:54,685] INFO [Kafka Request Handler on Broker 0], shut down completely (kafka.server.KafkaRequestHandlerPool)
[2018-01-22 13:53:54,688] INFO [ThrottledRequestReaper-Produce], Shutting down (kafka.server.ClientQuotaManager$ThrottledRequestReaper)
[2018-01-22 13:53:55,062] INFO [ThrottledRequestReaper-Produce], Shutdown completed (kafka.server.ClientQuotaManager$ThrottledRequestReaper)
[2018-01-22 13:53:55,062] INFO [ThrottledRequestReaper-Produce], Stopped  (kafka.server.ClientQuotaManager$ThrottledRequestReaper)
[2018-01-22 13:53:55,062] INFO [ThrottledRequestReaper-Fetch], Shutting down (kafka.server.ClientQuotaManager$ThrottledRequestReaper)
[2018-01-22 13:53:56,062] INFO [ThrottledRequestReaper-Fetch], Stopped  (kafka.server.ClientQuotaManager$ThrottledRequestReaper)
[2018-01-22 13:53:56,062] INFO [ThrottledRequestReaper-Fetch], Shutdown completed (kafka.server.ClientQuotaManager$ThrottledRequestReaper)
[2018-01-22 13:53:56,063] INFO [KafkaApi-0] Shutdown complete. (kafka.server.KafkaApis)
[2018-01-22 13:53:56,119] INFO [Replica Manager on Broker 0]: Shutting down (kafka.server.ReplicaManager)
[2018-01-22 13:53:56,119] INFO [ReplicaFetcherManager on broker 0] shutting down (kafka.server.ReplicaFetcherManager)
[2018-01-22 13:53:56,120] INFO [ReplicaFetcherManager on broker 0] shutdown completed (kafka.server.ReplicaFetcherManager)
[2018-01-22 13:53:56,120] INFO [ExpirationReaper-0], Shutting down (kafka.server.DelayedOperationPurgatory$ExpiredOperationReaper)
[2018-01-22 13:53:56,175] INFO [ExpirationReaper-0], Stopped  (kafka.server.DelayedOperationPurgatory$ExpiredOperationReaper)
[2018-01-22 13:53:56,175] INFO [ExpirationReaper-0], Shutdown completed (kafka.server.DelayedOperationPurgatory$ExpiredOperationReaper)
[2018-01-22 13:53:56,175] INFO [ExpirationReaper-0], Shutting down (kafka.server.DelayedOperationPurgatory$ExpiredOperationReaper)
[2018-01-22 13:53:56,375] INFO [ExpirationReaper-0], Stopped  (kafka.server.DelayedOperationPurgatory$ExpiredOperationReaper)
[2018-01-22 13:53:56,375] INFO [ExpirationReaper-0], Shutdown completed (kafka.server.DelayedOperationPurgatory$ExpiredOperationReaper)
[2018-01-22 13:53:56,471] INFO [Replica Manager on Broker 0]: Shut down completely (kafka.server.ReplicaManager)
[2018-01-22 13:53:56,472] INFO Shutting down. (kafka.log.LogManager)
[2018-01-22 13:53:56,477] INFO Shutdown complete. (kafka.log.LogManager)
[2018-01-22 13:53:56,478] INFO [GroupCoordinator 0]: Shutting down. (kafka.coordinator.GroupCoordinator)
[2018-01-22 13:53:56,478] INFO [ExpirationReaper-0], Shutting down (kafka.server.DelayedOperationPurgatory$ExpiredOperationReaper)
[2018-01-22 13:53:56,488] INFO [ExpirationReaper-0], Stopped  (kafka.server.DelayedOperationPurgatory$ExpiredOperationReaper)
[2018-01-22 13:53:56,488] INFO [ExpirationReaper-0], Shutdown completed (kafka.server.DelayedOperationPurgatory$ExpiredOperationReaper)
[2018-01-22 13:53:56,488] INFO [ExpirationReaper-0], Shutting down (kafka.server.DelayedOperationPurgatory$ExpiredOperationReaper)
[2018-01-22 13:53:56,489] INFO [ExpirationReaper-0], Stopped  (kafka.server.DelayedOperationPurgatory$ExpiredOperationReaper)
[2018-01-22 13:53:56,489] INFO [ExpirationReaper-0], Shutdown completed (kafka.server.DelayedOperationPurgatory$ExpiredOperationReaper)
[2018-01-22 13:53:56,489] INFO [GroupCoordinator 0]: Shutdown complete. (kafka.coordinator.GroupCoordinator)
[2018-01-22 13:53:56,544] INFO Terminate ZkClient event thread. (org.I0Itec.zkclient.ZkEventThread)
[2018-01-22 13:53:56,613] INFO [Kafka Server 0], shut down completed (kafka.server.KafkaServer)
[2018-01-22 13:53:56,614] FATAL Fatal error during KafkaServerStartable startup. Prepare to shutdown (kafka.server.KafkaServerStartable)
java.lang.RuntimeException: A broker is already registered on the path /brokers/ids/0. This probably indicates that you either have configured a brokerid that is already in use, or else you have shutdown this broker and restarted it faster than the zookeeper timeout so it appears to be re-registering.
	at kafka.utils.ZkUtils.registerBrokerInZk(ZkUtils.scala:305)
	at kafka.utils.ZkUtils.registerBrokerInZk(ZkUtils.scala:291)
	at kafka.server.KafkaHealthcheck.register(KafkaHealthcheck.scala:70)
	at kafka.server.KafkaHealthcheck.startup(KafkaHealthcheck.scala:51)
	at kafka.server.KafkaServer.startup(KafkaServer.scala:244)
	at kafka.server.KafkaServerStartable.startup(KafkaServerStartable.scala:37)
	at com.lightbend.lagom.internal.kafka.KafkaLocalServer.start(KafkaLocalServer.scala:31)
	at com.lightbend.lagom.internal.kafka.KafkaLauncher$.main(KafkaLauncher.scala:45)
	at com.lightbend.lagom.internal.kafka.KafkaLauncher.main(KafkaLauncher.scala)
[2018-01-22 13:53:56,617] INFO [Kafka Server 0], shutting down (kafka.server.KafkaServer)
